<?xml version="1.0" encoding="UTF-8"?>
<testng-results ignored="0" total="1" passed="1" failed="0" skipped="0">
  <reporter-output>
  </reporter-output>
  <suite started-at="2025-08-18T21:21:41 IST" name="Surefire suite" finished-at="2025-08-18T21:22:09 IST" duration-ms="28458">
    <groups>
    </groups>
    <test started-at="2025-08-18T21:21:41 IST" name="Surefire test" finished-at="2025-08-18T21:22:09 IST" duration-ms="28458">
      <class name="com.practice.tests.OrageHRMTests">
        <test-method is-config="true" signature="setUP()[pri:0, instance:com.practice.tests.OrageHRMTests@1a0dcaa]" started-at="2025-08-18T21:21:41 IST" name="setUP" finished-at="2025-08-18T21:22:02 IST" duration-ms="21797" status="PASS">
          <reporter-output>
          </reporter-output>
        </test-method> <!-- setUP -->
        <test-method signature="loginLogoutTest()[pri:0, instance:com.practice.tests.OrageHRMTests@1a0dcaa]" started-at="2025-08-18T21:22:02 IST" name="loginLogoutTest" finished-at="2025-08-18T21:22:09 IST" duration-ms="6525" status="PASS">
          <reporter-output>
          </reporter-output>
        </test-method> <!-- loginLogoutTest -->
        <test-method is-config="true" signature="tearDown()[pri:0, instance:com.practice.tests.OrageHRMTests@1a0dcaa]" started-at="2025-08-18T21:22:09 IST" name="tearDown" finished-at="2025-08-18T21:22:09 IST" duration-ms="124" status="PASS">
          <reporter-output>
          </reporter-output>
        </test-method> <!-- tearDown -->
      </class> <!-- com.practice.tests.OrageHRMTests -->
    </test> <!-- Surefire test -->
  </suite> <!-- Surefire suite -->
</testng-results>
