<?xml version="1.0" encoding="UTF-8"?>
<testng-results ignored="0" total="1" passed="1" failed="0" skipped="0">
  <reporter-output>
  </reporter-output>
  <suite started-at="2025-08-23T16:16:53 IST" name="Suite" finished-at="2025-08-23T16:17:03 IST" duration-ms="9286">
    <groups>
    </groups>
    <test started-at="2025-08-23T16:16:53 IST" name="Test" finished-at="2025-08-23T16:17:03 IST" duration-ms="9286">
      <class name="com.practice.tests.OrageHRMTests">
        <test-method is-config="true" signature="setUP()[pri:0, instance:com.practice.tests.OrageHRMTests@eadd4fb]" started-at="2025-08-23T16:16:53 IST" name="setUP" finished-at="2025-08-23T16:16:58 IST" duration-ms="4894" status="PASS">
          <reporter-output>
          </reporter-output>
        </test-method> <!-- setUP -->
        <test-method signature="loginLogoutTest()[pri:0, instance:com.practice.tests.OrageHRMTests@eadd4fb]" started-at="2025-08-23T16:16:58 IST" name="loginLogoutTest" finished-at="2025-08-23T16:17:03 IST" duration-ms="4235" status="PASS">
          <reporter-output>
          </reporter-output>
        </test-method> <!-- loginLogoutTest -->
        <test-method is-config="true" signature="tearDown()[pri:0, instance:com.practice.tests.OrageHRMTests@eadd4fb]" started-at="2025-08-23T16:17:03 IST" name="tearDown" finished-at="2025-08-23T16:17:03 IST" duration-ms="118" status="PASS">
          <reporter-output>
          </reporter-output>
        </test-method> <!-- tearDown -->
      </class> <!-- com.practice.tests.OrageHRMTests -->
    </test> <!-- Test -->
  </suite> <!-- Suite -->
</testng-results>
